60601 71182 335
250179 252856 332
70262 20918 340
91239 89554 315
94229 39854 351
89048 53023 351
89021 85051 333
523908 520057 364
363169 361450 361
65419 95513 351
119738 122995 336
14931 49300 324
77847 46647 351
77532 17639 351
80052 6117 351
14730 37213 324
53491 58444 322
376369 372404 361
46717 51546 314
99971 98109 328
72379 92285 351
97245 75630 351
39794 55965 340
225179 214904 386
33736 49759 324
14742 34138 308
74491 113256 354
72673 106042 351
38680 62988 340
784411 784015 300
231984 234377 381
295968 297387 327
75565 101867 351
78303 52320 351
59680 108161 354
222388 215088 386
879873 879841 220
101574 19064 351
2666 79218 351
29807 40165 324
468424 473665 382
43202 85112 351
207134 204439 373
94143 14351 351
79033 56697 351
2008 20455 279
28140 42906 324
20276 42468 324
14428 72712 340
38572 94688 351
65350 104884 351
16046 86944 351
18333 51073 324
899860 897512 370
100529 10708 351
393015 396724 405
85610 325 351
73088 69532 325
88643 52205 351
192418 197691 360
140501 141482 313
366329 363713 361
2839 32919 308
15537 92148 351
37338 58338 340
11164 32578 308
39237 104170 351
846583 846993 282
82120 84989 320
16164 108591 354
53378 98931 351
101901 21742 351
262807 263095 239
914055 914099 264
713462 704910 411
176801 182633 365
56599 57645 304
90629 102475 341
477202 474948 320
92156 34618 351
341174 356160 441
54210 82962 351
226673 222897 368
80653 112073 354
23749 108839 354
71556 110552 354
67884 29728 340
111233 78333 354
66468 65303 268
69844 75349 325
58557 66158 335
79141 17203 351
33530 90026 351
800904 799159 375
19960 72228 340
8713 76251 340
48324 12370 324
81321 8112 351
465572 460927 444
66671 1208 340
94998 75689 351
887236 888569 401
126830 122019 331
19573 61206 340
77974 91728 338
536094 536513 333
13379 95023 351
68604 99925 351
454422 457058 356
26570 76432 340
61309 99900 351
709333 705273 349
342621 343194 304
104336 22323 351
74355 105068 351
9177 85980 351
12983 32716 308
53105 89203 351
129461 128800 300
181491 176596 365
108370 68984 354
83075 57882 351
992561 994176 352
9343 86802 351
415337 415687 250
109103 46212 354
74300 24839 340
32985 57740 340
590432 592272 403
583365 587504 434
58089 43894 340
98891 85760 333
151161 139356 375
106115 6336 351
109585 62964 354
79633 63801 351
102451 19259 351
126539 125180 318
16245 14129 271
981745 981693 215
156173 158648 339
93772 94968 315
75786 47723 340
598212 596008 372
24419 2516 282
55698 35862 340
50589 53706 340
38393 92443 351
452082 449866 387
42628 1071 324
38718 38325 231
67082 12578 340
595363 590556 403
300815 301675 296
676484 674838 385
904576 905370 383
52354 50926 309
85784 17738 351
93027 34551 351
59569 13285 340
41079 44220 288
72667 31823 340
87831 56646 351
13138 56355 340
99685 84809 333
94326 40814 351
520519 523485 364
13540 12559 276
183496 178525 365
92618 86439 333
233402 228921 443
52434 3325 324
61689 89471 351
333325 326525 353
32941 71477 340
90801 109143 354
164963 169697 352
267438 266914 345
24762 58970 340
132754 113858 349
21092 41656 324
52893 4297 340
27864 79763 351
117003 125197 336
31272 72069 340
423677 423061 312
62203 71762 330
2375 84428 351
93368 26696 351
11219 66695 340
65035 47056 340
89189 38107 351
68462 112327 354
940654 942517 339
2130 67935 340
53014 103875 351
128628 131234 344
61932 23970 340
29377 58753 340
110587 77674 354
50688 27302 324
103243 95102 341
25152 22321 282
224888 223403 324
73823 111934 354
901829 902360 401
31679 66542 340
4296 71579 340
80859 65172 351
74578 64725 325
21661 7422 279
91278 101653 341
7603 25103 282
88331 111172 354
351835 353078 335
82903 69612 351
448643 445788 369
66395 46908 340
473344 473295 276
105663 62350 351
107508 3667 354
28292 56340 340
97519 75165 351
71178 60148 335
58694 110341 354
55962 38117 340
86512 3196 351
170991 174104 347
356686 352394 379
13648 69469 340
101206 12932 351
897432 900145 370
103142 50041 351
6192 70148 340
89803 73812 351
112048 30219 354
51096 45792 314
463548 461759 369
145308 140639 375
7120 52468 324
102610 37989 351
12955 82117 351
97780 64226 351
26036 27463 308
1320 42985 324
325073 326175 340
42379 109305 354
74139 3874 340
211845 210703 355
292448 292650 340
62580 70834 330
51116 109287 354
293228 290773 358
11723 112062 354
106218 58343 351
356184 354897 379
11856 67271 340
68426 66764 312
12058 49871 324
172124 171438 334
71415 48724 340
64791 108224 354
601770 604306 372
339285 339934 366
105841 26547 351
82279 56595 351
73042 67172 325
765915 769161 468
112990 59794 354
51547 28191 324
61086 104251 351
105571 71590 351
18858 107111 354
42931 81829 351
100895 39438 351
201447 199306 342
17850 28058 308
276868 277312 252
584859 583427 434
76283 61310 330
712917 712638 411
69291 4960 340
302563 304995 340
10521 96424 351
73531 23406 340
105084 29766 351
680013 679449 367
105012 19086 351
671778 679200 385
72434 54295 335
108798 20579 354
98157 58194 351
680262 678096 380
345937 356884 441
44717 29788 324
662311 664819 367
6449 64880 340
452547 441068 387
18664 91571 351
69713 47901 340
52261 35088 324
116843 128242 336
60147 77751 351
95734 80060 333
8291 31480 308
890133 892645 339
178 57030 340
79947 87054 320
24123 18876 282
104581 17578 351
42463 89974 351
22741 4713 279
71091 51317 340
60080 2472 340
61671 13926 340
351805 347342 379
83177 29 351
1114 65755 340
28474 47928 324
99449 83905 333
126292 125888 318
22969 51572 324
93502 112880 354
59356 39858 340
199784 192018 360
554361 557616 390
353500 351561 348
8915 4720 262
818568 819770 450
765777 767526 331
49456 39689 314
739240 744396 393
29833 92509 351
132957 117165 344
339769 334827 366
42545 100758 351
42481 74512 340
52761 75600 335
34027 74505 340
10602 76097 340
79158 88199 333
671463 675922 367
496614 493196 395
26174 94494 351
47106 52314 314
105511 55368 351
101424 65636 351
84533 105166 341
85754 39719 351
86120 25806 351
2864 103392 351
303375 304061 340
11891 108680 354
327131 325594 322
1138 83104 351
107297 40266 354
112125 11211 354
18346 52066 324
673876 673669 292
795033 788789 437
33217 44743 324
22093 10592 279
165547 161955 339
88183 32417 351
37544 87830 351
514423 510366 470
42427 76403 340
6594 26354 282
91116 99314 333
58033 44409 340
41713 113034 354
2970 21167 279
61964 62445 317
353168 344177 441
52050 76639 340
367863 364986 361
72746 111144 354
939971 940192 308
22528 18390 274
35319 108823 354
63555 18126 340
18066 58573 340
98463 30035 351
48966 90272 351
352338 352062 335
63022 16368 340
634670 637032 416
112360 13443 354
36579 109456 354
54485 49031 340
4873 82245 351
80864 42619 351
652203 651768 310
102444 84357 341
12611 110615 354
86728 103124 341
29664 84766 351
119610 122767 336
354128 346600 379
69044 92193 351
507078 504234 382
69558 65379 312
14169 17532 271
339764 339875 260
61727 73412 330
6425 66266 340
25233 57261 340
22626 11213 279
70175 13172 340
272726 274682 358
167706 166523 321
75825 47102 340
520734 521255 364
111789 11688 354
9859 57279 340
657027 658078 398
79879 109423 354
213112 225399 386
35538 33187 311
31093 5544 308
41046 96604 351
45234 60461 340
623795 624339 279
53725 29018 340
12575 81873 351
71251 69278 312
67045 45042 340
61955 13563 340
15695 14737 271
22755 98020 351
15203 98101 351
344787 345352 304
107953 53675 354
79231 97636 333
54066 105404 351
347307 357465 379
413857 413633 374
15364 32944 308
746581 739818 393
325952 339815 366
7575 41387 324
90652 73615 351
550860 549592 346
834446 836362 344
77246 72230 351
25880 110482 354
48727 13668 324
111156 94864 354
18788 64321 340
62033 61463 317
80888 97984 333
98718 101117 341
804749 804175 331
301996 295503 371
8586 106259 354
25962 26407 246
3111 77233 351
66296 44756 340
633653 633395 310
464720 461963 369
148368 146378 357
799286 798377 375
25964 57195 340
707746 706923 274
16664 25467 282
98222 45422 351
38180 97561 351
42346 101941 351
75800 3632 340
890656 890903 326
97894 51105 351
90976 39307 351
5648 17925 279
229179 236413 443
896611 891804 370
78357 18909 351
31376 42355 324
73072 24390 340
10490 95285 351
61736 49624 340
91011 110100 354
30683 99894 351
71823 86729 351
234926 231839 381
860385 860232 357
2616 73390 340
37063 88371 351
621363 621142 279
91754 33481 351
78509 13451 351
44329 54227 340
97044 38870 351
711767 708048 380
592828 601770 403
36315 86379 351
39563 70747 340
22178 36290 324
51851 80407 351
49124 98900 351
49328 42877 314
3561 103241 351
218475 214695 386
56638 71681 335
335795 324451 384
452547 444117 387
39675 25601 324
117351 115133 349
4350 55366 340
77330 75690 351
50402 104699 351
91837 13007 351
4823 73983 340
43064 11252 324
41507 6035 324
409519 408607 312
68614 2697 340
10553 13677 276
69153 42679 340
173802 182633 365
13242 7454 268
127678 116180 336
73903 57979 335
357635 352223 379
679311 672930 385
130289 127300 344
2950 59164 340
46908 9149 324
253607 248626 350
744109 744371 256
547296 545489 452
55107 35320 340
51950 46111 314
336799 323782 384
264726 261959 407
81847 37539 351
9372 69949 340
98295 18898 351
4962 22662 279
2693 92225 351
69011 73732 325
234351 236272 337
59738 57995 273
76382 96226 351
794151 791174 437
105274 42826 351
12318 61185 340
46708 66225 340
93816 25343 351
89362 30284 351
617704 618227 372
47157 10609 324
26347 42369 324
17491 20513 279
92022 112990 354
30612 85162 351
215601 226135 386
7412 67945 340
346144 354989 379
56446 2649 340
70137 68550 299
40322 9401 324
60468 31389 340
103218 31930 351
17350 97476 351
86819 20525 351
841841 842639 282
66556 7214 340
61853 43489 340
43639 67140 340
294622 294281 296
59890 17175 340
1728 65509 340
28076 44757 324
51124 26624 324
86178 68436 351
61510 4168 340
103366 96706 341
103186 54165 351
75376 84385 351
100453 89919 341
8737 109432 354
61140 62852 317
97959 91359 333
118801 121608 318
43508 5294 324
20477 22285 269
16394 89469 351
104092 28872 351
60929 37951 340
103459 73592 351
9192 70484 340
385401 385892 348
49736 32092 324
98398 47351 351
76189 31640 340
351470 343143 441
395507 393084 405
126075 114764 349
61821 16460 340
89507 60009 351
92351 34667 351
65078 28533 340
66900 7986 340
244085 245520 275
64818 51217 340
843629 843271 282
98814 109190 354
329733 324106 384
50771 108717 354
64939 77458 351
14731 88608 351
79297 32831 351
199350 197594 329
840743 841061 344
69407 58134 335
23220 96438 351
3407 94920 351
57221 63704 335
98410 86033 333
104281 1022 351
104410 66051 351
10425 35758 324
800768 797692 375
101408 37566 351
118181 117323 305
65555 32560 340
108768 4705 354
58460 24355 340
496143 494220 351
56076 98597 351
83320 83715 289
421289 421442 325
90090 73371 351
75033 48674 340
51517 11233 324
75662 93134 351
83832 34276 351
51475 27141 324
873259 873070 326
520511 521722 364
96161 44773 351
642672 644075 354
93801 24478 351
48218 85322 351
992593 996830 365
2935 29015 308
105571 51817 351
71716 2944 340
121834 132877 344
66325 20109 340
613432 613608 204
11618 26599 282
16464 80886 351
32067 63831 340
268046 267938 270
66053 29455 340
300594 294702 371
42367 106935 354
302256 291414 371
14227 73282 340
25466 56496 340
2143 37443 324
63231 94796 351
8905 15339 276
121272 114958 349
55171 82601 351
353724 348084 379
17339 12597 276
593427 590199 403
67766 68019 237
59017 227 340
989122 987657 352
63615 29436 340
11475 85235 351
112278 26191 354
197846 198072 285
105340 54573 351
11086 57380 340
97662 56570 351
60201 101588 351
118361 133009 344
93588 42075 351
68609 10416 340
40766 84258 351
101184 34696 351
44743 20714 324
59617 108610 354
370008 371181 392
127183 118108 336
43417 91529 351
345704 351432 441
112202 61371 354
120420 119610 318
90344 109293 354
386889 385597 330
112942 93191 354
230255 232888 443
531361 535496 377
85076 79038 320
123300 118251 336
15387 39225 324
88628 84092 333
103615 30622 351
988676 990800 352
598020 591657 403
32991 110774 354
693655 689789 442
255039 253777 363
22987 74535 340
205098 205064 236
34556 93934 351
93115 67103 351
62200 11792 340
444340 443214 338
80518 8548 351
91643 21470 351
91606 63595 351
65292 77223 351
841074 841607 313
26612 86522 351
121251 130069 344
106812 93885 354
222401 217055 355
100819 74203 351
10207 81058 351
55232 98336 351
64409 67844 312
727171 727509 318
21327 68616 340
73397 70049 325
237449 227593 443
124980 114110 349
677794 678555 336
75249 9488 340
525628 527745 408
174519 173655 334
210446 208158 342
64366 92710 351
117212 120531 336
74711 6766 340
3386 103652 351
399330 393852 405
40887 20685 324
954327 954645 277
25578 20117 282
73537 64147 325
733269 735313 349
69687 94142 351
56583 33851 340
260142 260021 301
41535 64609 340
63965 18556 340
127204 120013 336
121091 131217 344
42128 109808 354
895964 896902 370
365932 365744 335
68784 3205 340
493560 495579 351
66602 2768 340
345237 350809 441
961702 963415 414
318220 311694 384
438047 441736 400
63179 74522 330
169781 165290 352
89762 71395 351
343615 340171 353
96057 31090 351
101813 817 351
146393 139538 375
10844 103521 351
87715 58433 351
61903 8430 340
98888 50562 351
65589 65692 237
33061 48442 324
10372 47597 324
225929 222861 368
662774 659788 323
547275 550777 377
97558 38395 351
11652 109716 354
11272 13500 276
22723 61878 340
991458 989377 352
23960 2810 282
238100 231189 381
82928 82480 320
47932 33355 324
109528 36683 354
85295 75069 351
39573 34985 324
60397 45756 340
51576 34029 324
42586 46780 314
794685 795235 282
9547 17918 279
79803 55538 351
53890 67722 335
5536 4641 210
156229 157587 339
72690 93227 351
274790 274133 332
39960 79922 351
22909 111124 354
39386 36474 306
62689 10322 340
225066 224981 368
59479 95561 351
104965 52217 351
386666 385509 330
109711 33200 354
39033 108176 354
60930 40904 340
32382 97544 351
232604 237458 381
70534 103307 351
152273 155189 352
5069 41031 324
66013 91784 351
110062 32240 354
743913 738454 424
56953 6913 340
42682 85198 351
92557 84626 333
23427 65225 340
17050 3889 276
22437 65504 340
70403 84306 351
19428 39322 324
108988 1477 354
10261 106704 354
188565 189470 316
74009 86636 351
291563 292722 340
33317 101506 351
13384 55894 340
740713 738117 424
50712 1802 324
103022 40857 351
13091 98151 351
674516 680119 385
56186 30303 340
690703 689775 336
55709 5594 340
92574 75166 351
176650 174694 334
30008 62166 340
894272 893038 326
647008 647006 204
86724 40697 351
105639 60213 351
85224 30635 351
259006 261717 345
14312 21676 279
899126 896458 370
224 86663 351
97551 72210 351
663590 659726 323
51820 76577 340
88122 25854 351
94268 13339 351
109535 42859 354
658867 660459 354
82404 107516 354
53308 8642 340
21131 46274 324
114500 128502 349
631962 634665 385
6865 96888 351
329028 333429 353
339162 328961 366
93564 2925 351
244719 242616 337
325256 338157 366
990400 988219 352
373924 374774 330
29295 49059 324
4193 13475 276
23470 27945 308
4505 49127 324
147989 141336 375
80500 47542 351
86704 61515 351
21538 19345 274
80175 107107 354
89573 24357 351
113375 4754 354
219653 213950 386
75400 110 340
83628 45106 351
140658 141461 313
83622 61772 351
84 40419 324
81329 89360 333
75374 60531 335
905444 903152 383
55530 68513 335
72655 81317 351
55966 112790 354
761491 762284 362
61634 104362 351
14918 84790 351
525715 527352 408
78871 96887 333
6790 10691 260
730 77169 351
108864 17784 354
611794 609911 354
525652 529076 408
96529 66850 351
59892 71262 335
742872 746328 349
109696 4280 354
303151 305751 340
30097 85830 351
372417 375878 361
91960 31960 351
128545 121432 336
2084 48157 324
104326 27208 351
246878 250546 350
350072 347940 366
197085 199557 329
441336 438200 400
5264 39311 324
7745 92537 351
61335 89509 351
40690 51810 314
44392 85992 351
157046 158339 339
83447 464 351
744137 740283 393
9511 110804 354
73191 88457 351
48620 35333 324
13482 65409 340
593987 604242 403
799777 799761 225
145755 148204 357
15929 106256 354
36428 74315 340
100040 81875 333
83298 42782 351
39172 49095 314
115616 129412 336
668524 668187 292
658467 664939 367
65342 93274 351
208387 212306 355
35018 19155 311
174767 181473 365
23487 60697 340
815728 814585 357
104204 89163 341
772533 772076 331
294149 298612 358
35183 74297 340
910936 910835 264
636063 635773 310
230482 231225 443
531344 531477 346
6712 45522 324
117717 122068 336
512637 515889 395
50185 48816 296
7242 65636 340
29090 55134 340
65143 36049 340
52536 83211 351
533613 534256 346
711375 708669 380
90580 66973 351
64570 47467 340
27857 41748 324
50325 62772 340
26627 80257 351
296120 298113 327
31599 106179 351
96417 13254 351
742940 746934 349
56879 70717 335
239771 240241 275
462800 466183 369
443664 437723 400
30835 82966 351
10640 45968 324
470917 477400 382
81269 92348 333
93389 34214 351
70084 19003 340
106411 52365 354
334113 325625 353
94992 92569 315
4393 14781 276
76595 48938 340
508709 509779 377
392922 389962 361
56736 51402 340
